7f00c5e7c979
*** Reading local file: /opt/airflow/logs/dag_id=weather_dag_2/run_id=manual__2023-03-25T04:46:57.480540+00:00/task_id=notify/attempt=1.log
[2023-03-25T04:47:12.913+0000] {taskinstance.py:1084} INFO - Dependencies all met for dep_context=non-requeueable deps ti=<TaskInstance: weather_dag_2.notify manual__2023-03-25T04:46:57.480540+00:00 [queued]>
[2023-03-25T04:47:12.989+0000] {taskinstance.py:1084} INFO - Dependencies all met for dep_context=requeueable deps ti=<TaskInstance: weather_dag_2.notify manual__2023-03-25T04:46:57.480540+00:00 [queued]>
[2023-03-25T04:47:12.997+0000] {taskinstance.py:1282} INFO - 
--------------------------------------------------------------------------------
[2023-03-25T04:47:13.017+0000] {taskinstance.py:1283} INFO - Starting attempt 1 of 1
[2023-03-25T04:47:13.030+0000] {taskinstance.py:1284} INFO - 
--------------------------------------------------------------------------------
[2023-03-25T04:47:13.168+0000] {taskinstance.py:1303} INFO - Executing <Task(PythonOperator): notify> on 2023-03-25 04:46:57.480540+00:00
[2023-03-25T04:47:13.253+0000] {standard_task_runner.py:55} INFO - Started process 76 to run task
[2023-03-25T04:47:13.266+0000] {standard_task_runner.py:82} INFO - Running: ['***', 'tasks', 'run', 'weather_dag_2', 'notify', 'manual__2023-03-25T04:46:57.480540+00:00', '--job-id', '16', '--raw', '--subdir', 'DAGS_FOLDER/weather_dag_2.py', '--cfg-path', '/tmp/tmpe64kiudz']
[2023-03-25T04:47:13.294+0000] {standard_task_runner.py:83} INFO - Job 16: Subtask notify
[2023-03-25T04:47:14.010+0000] {task_command.py:388} INFO - Running <TaskInstance: weather_dag_2.notify manual__2023-03-25T04:46:57.480540+00:00 [running]> on host 7f00c5e7c979
[2023-03-25T04:47:14.441+0000] {taskinstance.py:1511} INFO - Exporting the following env vars:
AIRFLOW_CTX_DAG_OWNER=***
AIRFLOW_CTX_DAG_ID=weather_dag_2
AIRFLOW_CTX_TASK_ID=notify
AIRFLOW_CTX_EXECUTION_DATE=2023-03-25T04:46:57.480540+00:00
AIRFLOW_CTX_TRY_NUMBER=1
AIRFLOW_CTX_DAG_RUN_ID=manual__2023-03-25T04:46:57.480540+00:00
[2023-03-25T04:47:15.493+0000] {logging_mixin.py:137} INFO - Cities with relative humidity equal to or above 60% today: Victoria, Texas (92). Brownsville, Texas (90). Corpus Christi, Texas (93). Olympia, Washington (92). Lake Charles, Louisiana (91). Galveston, Texas (96). Port Arthur, Texas (99). 
[2023-03-25T04:47:15.528+0000] {python.py:177} INFO - Done. Returned value was: None
[2023-03-25T04:47:15.632+0000] {taskinstance.py:1326} INFO - Marking task as SUCCESS. dag_id=weather_dag_2, task_id=notify, execution_date=20230325T044657, start_date=20230325T044712, end_date=20230325T044715
[2023-03-25T04:47:15.730+0000] {local_task_job.py:212} INFO - Task exited with return code 0
[2023-03-25T04:47:15.846+0000] {taskinstance.py:2585} INFO - 0 downstream tasks scheduled from follow-on schedule check

